  Building Custom Rule C:/JGProject/ThirdPartyRepo/PhysX-4.1/physx/source/compiler/cmake/CMakeLists.txt
  PsAllocator.cpp
  PsAssert.cpp
  PsFoundation.cpp
  PsMathUtils.cpp
  PsString.cpp
  PsTempAllocator.cpp
  PsUtilities.cpp
  PsWindowsAtomic.cpp
  PsWindowsCpu.cpp
  PsWindowsFPU.cpp
  PsWindowsMutex.cpp
  PsWindowsPrintString.cpp
  PsWindowsSList.cpp
  PsWindowsSocket.cpp
  PsWindowsSync.cpp
  PsWindowsThread.cpp
  PsWindowsTime.cpp
     C:/JGProject/ThirdPartyRepo/PhysX-4.1/physx/bin/win.x86_64.vc142.mt/release/PhysXFoundation_64.lib 라이브러리 및 C:/JGProject/ThirdPartyRepo/PhysX-4.1/physx/bin/win.x86_64.vc142.mt/release/PhysXFoundation_64.exp 개체를 생성하고 있습니다.
  PhysXFoundation.vcxproj -> C:\JGProject\ThirdPartyRepo\PhysX-4.1\physx\bin\win.x86_64.vc142.mt\release\PhysXFoundation_64.dll
