  ScActorCore.cpp
  ScActorSim.cpp
  ScArticulationCore.cpp
  ScArticulationJointCore.cpp
  ScArticulationJointSim.cpp
  ScArticulationSim.cpp
  ScBodyCore.cpp
  ScBodySim.cpp
  ScConstraintCore.cpp
  ScConstraintGroupNode.cpp
  ScConstraintInteraction.cpp
  ScConstraintProjectionManager.cpp
  ScConstraintProjectionTree.cpp
  ScConstraintSim.cpp
  ScElementInteractionMarker.cpp
  ScElementSim.cpp
  ScInteraction.cpp
  ScIterators.cpp
  ScMetaData.cpp
  ScNPhaseCore.cpp
  ScPhysics.cpp
  ScRigidCore.cpp
  ScRigidSim.cpp
  ScScene.cpp
  ScShapeCore.cpp
  ScShapeInteraction.cpp
  ScShapeSim.cpp
  ScSimStats.cpp
  ScSimulationController.cpp
  ScSqBoundsManager.cpp
  ScStaticCore.cpp
  ScTriggerInteraction.cpp
  SimulationController.vcxproj -> C:\JGProject\ThirdPartyRepo\PhysX-4.1\physx\bin\win.x86_64.vc142.mt\debug\SimulationController_static_64.lib
