  Adjacencies.cpp
  Cooking.cpp
  CookingUtils.cpp
  EdgeList.cpp
  MeshCleaner.cpp
  Quantizer.cpp
  BVHStructureBuilder.cpp
  HeightFieldCooking.cpp
  RTreeCooking.cpp
  MeshBuilder.cpp
  TriangleMeshBuilder.cpp
  GrbTriangleMeshCooking.cpp
  BigConvexDataBuilder.cpp
  ConvexHullBuilder.cpp
  ConvexHullLib.cpp
  ConvexHullUtils.cpp
  ConvexMeshBuilder.cpp
  ConvexPolygonsBuilder.cpp
  QuickHullConvexHullLib.cpp
  VolumeIntegration.cpp
  WindowsCookingDelayLoadHook.cpp
     C:/JGProject/ThirdPartyRepo/PhysX-4.1/physx/bin/win.x86_64.vc142.mt/debug/PhysXCooking_64.lib 라이브러리 및 C:/JGProject/ThirdPartyRepo/PhysX-4.1/physx/bin/win.x86_64.vc142.mt/debug/PhysXCooking_64.exp 개체를 생성하고 있습니다.
  PhysXCooking.vcxproj -> C:\JGProject\ThirdPartyRepo\PhysX-4.1\physx\bin\win.x86_64.vc142.mt\debug\PhysXCooking_64.dll
