  ExtBroadPhase.cpp
  ExtCollection.cpp
  ExtConvexMeshExt.cpp
  ExtCpuWorkerThread.cpp
  ExtD6Joint.cpp
  ExtD6JointCreate.cpp
  ExtDefaultCpuDispatcher.cpp
  ExtDefaultErrorCallback.cpp
  ExtDefaultSimulationFilterShader.cpp
  ExtDefaultStreams.cpp
  ExtDistanceJoint.cpp
  ExtContactJoint.cpp
  ExtExtensions.cpp
  ExtFixedJoint.cpp
  ExtJoint.cpp
  ExtMetaData.cpp
  ExtPrismaticJoint.cpp
  ExtPvd.cpp
  ExtPxStringTable.cpp
  ExtRaycastCCD.cpp
  ExtRevoluteJoint.cpp
  ExtRigidBodyExt.cpp
  ExtRigidActorExt.cpp
  ExtSceneQueryExt.cpp
  ExtSimpleFactory.cpp
  ExtSmoothNormals.cpp
  ExtSphericalJoint.cpp
  ExtTriangleMeshExt.cpp
  PxExtensionAutoGeneratedMetaDataObjects.cpp
  SnSerialization.cpp
  SnSerializationRegistry.cpp
  SnSerialUtils.cpp
  SnJointRepXSerializer.cpp
  SnRepXCoreSerializer.cpp
  SnRepXUpgrader.cpp
  SnXmlSerialization.cpp
  SnBinaryDeserialization.cpp
  SnBinarySerialization.cpp
  SnConvX.cpp
  SnConvX_Align.cpp
  SnConvX_Convert.cpp
  SnConvX_Error.cpp
  SnConvX_MetaData.cpp
  SnConvX_Output.cpp
  SnConvX_Union.cpp
  SnSerializationContext.cpp
  PhysXExtensions.vcxproj -> C:\JGProject\ThirdPartyRepo\PhysX-4.1\physx\bin\win.x86_64.vc142.mt\debug\PhysXExtensions_static_64.lib
