  CmCollection.cpp
  CmPtrTable.cpp
  CmRadixSort.cpp
  CmRadixSortBuffered.cpp
  CmRenderOutput.cpp
  CmVisualization.cpp
  CmWindowsModuleUpdateLoader.cpp
  CmWindowsDelayLoadHook.cpp
  GuBounds.cpp
  GuBox.cpp
  GuCapsule.cpp
  GuCCTSweepTests.cpp
  GuGeometryQuery.cpp
  GuGeometryUnion.cpp
  GuInternal.cpp
  GuMeshFactory.cpp
  GuMetaData.cpp
  GuMTD.cpp
  GuOverlapTests.cpp
  GuRaycastTests.cpp
  GuSerialize.cpp
  GuSweepMTD.cpp
  GuSweepSharedTests.cpp
  GuSweepTests.cpp
  GuAABBTreeBuild.cpp
  GuBVHStructure.cpp
  GuCCDSweepConvexMesh.cpp
  GuCCDSweepPrimitives.cpp
  GuBarycentricCoordinates.cpp
  GuSeparatingAxes.cpp
  GuContactBoxBox.cpp
  GuContactCapsuleBox.cpp
  GuContactCapsuleCapsule.cpp
  GuContactCapsuleConvex.cpp
  GuContactCapsuleMesh.cpp
  GuContactConvexConvex.cpp
  GuContactConvexMesh.cpp
  GuContactPlaneBox.cpp
  GuContactPlaneCapsule.cpp
  GuContactPlaneConvex.cpp
  GuContactPolygonPolygon.cpp
  GuContactSphereBox.cpp
  GuContactSphereCapsule.cpp
  GuContactSphereMesh.cpp
  GuContactSpherePlane.cpp
  GuContactSphereSphere.cpp
  GuFeatureCode.cpp
  GuBigConvexData.cpp
  GuConvexHelper.cpp
  GuConvexMesh.cpp
  GuConvexSupportTable.cpp
  GuConvexUtilsInternal.cpp
  GuHillClimbing.cpp
  GuShapeConvex.cpp
  GuDistancePointBox.cpp
  GuDistancePointTriangle.cpp
  GuDistanceSegmentBox.cpp
  GuDistanceSegmentSegment.cpp
  GuDistanceSegmentTriangle.cpp
  GuEPA.cpp
  GuGJKSimplex.cpp
  GuGJKTest.cpp
  GuHeightField.cpp
  GuHeightFieldUtil.cpp
  GuOverlapTestsHF.cpp
  GuSweepsHF.cpp
  GuIntersectionBoxBox.cpp
  GuIntersectionCapsuleTriangle.cpp
  GuIntersectionEdgeEdge.cpp
  GuIntersectionRayBox.cpp
  GuIntersectionRayCapsule.cpp
  GuIntersectionRaySphere.cpp
  GuIntersectionSphereBox.cpp
  GuIntersectionTriangleBox.cpp
  GuBV4.cpp
  GuBV4Build.cpp
  GuBV4_AABBSweep.cpp
  GuBV4_BoxOverlap.cpp
  GuBV4_CapsuleSweep.cpp
  GuBV4_CapsuleSweepAA.cpp
  GuBV4_OBBSweep.cpp
  GuBV4_Raycast.cpp
  GuBV4_SphereOverlap.cpp
  GuBV4_SphereSweep.cpp
  GuMidphaseBV4.cpp
  GuMeshQuery.cpp
  GuMidphaseRTree.cpp
  GuOverlapTestsMesh.cpp
  GuRTree.cpp
  GuRTreeQueries.cpp
  GuSweepsMesh.cpp
  GuTriangleMesh.cpp
  GuTriangleMeshBV4.cpp
  GuTriangleMeshRTree.cpp
  GuBV32.cpp
  GuBV32Build.cpp
  GuPCMContactBoxBox.cpp
  GuPCMContactBoxConvex.cpp
  GuPCMContactCapsuleBox.cpp
  GuPCMContactCapsuleCapsule.cpp
  GuPCMContactCapsuleConvex.cpp
  GuPCMContactCapsuleHeightField.cpp
  GuPCMContactCapsuleMesh.cpp
  GuPCMContactConvexCommon.cpp
  GuPCMContactConvexConvex.cpp
  GuPCMContactConvexHeightField.cpp
  GuPCMContactConvexMesh.cpp
  GuPCMContactGenBoxConvex.cpp
  GuPCMContactGenSphereCapsule.cpp
  GuPCMContactPlaneBox.cpp
  GuPCMContactPlaneCapsule.cpp
  GuPCMContactPlaneConvex.cpp
  GuPCMContactSphereBox.cpp
  GuPCMContactSphereCapsule.cpp
  GuPCMContactSphereConvex.cpp
  GuPCMContactSphereHeightField.cpp
  GuPCMContactSphereMesh.cpp
  GuPCMContactSpherePlane.cpp
  GuPCMContactSphereSphere.cpp
  GuPCMShapeConvex.cpp
  GuPCMTriangleContactGen.cpp
  GuPersistentContactManifold.cpp
  GuSweepBoxBox.cpp
  GuSweepBoxSphere.cpp
  GuSweepBoxTriangle_FeatureBased.cpp
  GuSweepBoxTriangle_SAT.cpp
  GuSweepCapsuleBox.cpp
  GuSweepCapsuleCapsule.cpp
  GuSweepCapsuleTriangle.cpp
  GuSweepSphereCapsule.cpp
  GuSweepSphereSphere.cpp
  GuSweepSphereTriangle.cpp
  GuSweepTriangleUtils.cpp
     C:/JGProject/ThirdPartyRepo/PhysX-4.1/physx/bin/win.x86_64.vc142.mt/debug/PhysXCommon_64.lib 라이브러리 및 C:/JGProject/ThirdPartyRepo/PhysX-4.1/physx/bin/win.x86_64.vc142.mt/debug/PhysXCommon_64.exp 개체를 생성하고 있습니다.
  PhysXCommon.vcxproj -> C:\JGProject\ThirdPartyRepo\PhysX-4.1\physx\bin\win.x86_64.vc142.mt\debug\PhysXCommon_64.dll
